
Showing logs for build [32mcb-kubecd-environment-pr-179-10-x4d49-1[0m stage [32mfrom-build-pack[0m and container [32mstep-credential-initializer-sb9pt[0m
{"level":"warn","ts":1583912012.2976673,"logger":"fallback-logger","caller":"logging/config.go:69","msg":"Fetch GitHub commit ID from kodata failed: \"ref: refs/heads/0.8.0-**-support-backwards-incompats\" is not a valid GitHub commit ID"}
{"level":"info","ts":1583912012.3097773,"logger":"fallback-logger","caller":"creds-init/main.go:40","msg":"Credentials initialized."}

Showing logs for build [32mcb-kubecd-environment-pr-179-10-x4d49-1[0m stage [32mfrom-build-pack[0m and container [32mstep-working-dir-initializer-dtmzc[0m
{"level":"warn","ts":1583912013.8245468,"logger":"fallback-logger","caller":"logging/config.go:69","msg":"Fetch GitHub commit ID from kodata failed: open /var/run/ko/HEAD: no such file or directory"}
{"level":"info","ts":1583912013.884031,"logger":"fallback-logger","caller":"bash/main.go:64","msg":"Successfully executed command \"sh -c mkdir -p /workspace/source\"; output "}

Showing logs for build [32mcb-kubecd-environment-pr-179-10-x4d49-1[0m stage [32mfrom-build-pack[0m and container [32mstep-place-tools[0m

Showing logs for build [32mcb-kubecd-environment-pr-179-10-x4d49-1[0m stage [32mfrom-build-pack[0m and container [32mstep-git-source-cb-kubecd-environment-pr-179-10-x4d49-472dp[0m
{"level":"warn","ts":1583912018.6222541,"logger":"fallback-logger","caller":"logging/config.go:69","msg":"Fetch GitHub commit ID from kodata failed: \"ref: refs/heads/0.8.0-**-support-backwards-incompats\" is not a valid GitHub commit ID"}
{"level":"info","ts":1583912020.425644,"logger":"fallback-logger","caller":"git/git.go:103","msg":"Successfully cloned https://github.com/cb-kubecd/environment-pr-179-10-boot-vault-gke-staging.git @ master in path /workspace/source"}

Showing logs for build [32mcb-kubecd-environment-pr-179-10-x4d49-1[0m stage [32mfrom-build-pack[0m and container [32mstep-git-merge[0m
Using SHAs from PULL_REFS=master:43b48c27cd7cada643ac01e75eeb6e5f76d0b392,4:ef8b6bcc0de61160f19f245eec304bf22e31a700
DEBUG: LC_ALL=C JX_LOG_LEVEL=error git fetch origin --unshallow ef8b6bcc0de61160f19f245eec304bf22e31a700: 43b48c27cd7cada643ac01e75eeb6e5f76d0b392:
DEBUG: ran git fetch --unshallow origin ef8b6bcc0de61160f19f245eec304bf22e31a700: 43b48c27cd7cada643ac01e75eeb6e5f76d0b392: in 
DEBUG: LC_ALL=C JX_LOG_LEVEL=error git branch
DEBUG: LC_ALL=C JX_LOG_LEVEL=error git checkout master
DEBUG: ran git checkout master in 
DEBUG: LC_ALL=C JX_LOG_LEVEL=error git reset --hard 43b48c27cd7cada643ac01e75eeb6e5f76d0b392
DEBUG: ran git reset --hard 43b48c27cd7cada643ac01e75eeb6e5f76d0b392 in 
DEBUG: LC_ALL=C JX_LOG_LEVEL=error git clean -fd .
DEBUG: ran clean --force -d . in 
DEBUG: LC_ALL=C JX_LOG_LEVEL=error git merge ef8b6bcc0de61160f19f245eec304bf22e31a700
DEBUG: ran git merge ef8b6bcc0de61160f19f245eec304bf22e31a700 in 
DEBUG: LC_ALL=C JX_LOG_LEVEL=error git log --format=%H%x1f%an%x1f%ae%x1f%cn%x1f%ce%x1f%s%n%b%x1e 43b48c27cd7cada643ac01e75eeb6e5f76d0b392..HEAD
Merged SHA ef8b6bcc0de61160f19f245eec304bf22e31a700 with commit message 'chore: Promote bdd-gh-1583909829 to version 0.0.1' into base branch master

Showing logs for build [32mcb-kubecd-environment-pr-179-10-x4d49-1[0m stage [32mfrom-build-pack[0m and container [32mstep-build-helm-build[0m
WARNING: No $CHART_REPOSITORY defined so using the default value of: http://jenkins-x-chartmuseum:8080
Adding missing Helm repo: storage.googleapis.com https://storage.googleapis.com/chartmuseum.jenkins-x.io
WARNING: No secrets found on "helm/repos" due: reading the secret "helm/repos" from vault: no secret "helm/repos" not found in vault
Read credentials for https://storage.googleapis.com/chartmuseum.jenkins-x.io from vault helm/repos
Successfully added Helm repository storage.googleapis.com.
Adding missing Helm repo: jenkins-x-chartmuseum http://jenkins-x-chartmuseum:8080
WARNING: No secrets found on "helm/repos" due: reading the secret "helm/repos" from vault: no secret "helm/repos" not found in vault
Read credentials for http://jenkins-x-chartmuseum:8080 from vault helm/repos
Successfully added Helm repository jenkins-x-chartmuseum.
WARNING: No $CHART_REPOSITORY defined so using the default value of: http://jenkins-x-chartmuseum:8080
Adding missing Helm repo: chartmuseum.jenkins-x.io http://chartmuseum.jenkins-x.io
WARNING: No secrets found on "helm/repos" due: reading the secret "helm/repos" from vault: no secret "helm/repos" not found in vault
Read credentials for http://chartmuseum.jenkins-x.io from vault helm/repos
Successfully added Helm repository chartmuseum.jenkins-x.io.
